# JRE version: OpenJDK Runtime Environment GraalVM CE 22.3.0 (17.0.5+8) (build 17.0.5+8-jvmci-22.3-b08)
# Java VM: OpenJDK 64-Bit Server VM GraalVM CE 22.3.0 (17.0.5+8-jvmci-22.3-b08, mixed mode, sharing, tiered, jvmci, jvmci compiler, compressed oops, compressed class ptrs, parallel gc, linux-amd64)
GC Precious Log:
 CPUs: 8 total, 4 available
 Memory: 8192M
 Large Page Support: Disabled
 NUMA Support: Disabled
 Compressed Oops: Enabled (32-bit)
 Alignments: Space 512K, Generation 512K, Heap 2M
 Heap Min Capacity: 100M
 Heap Initial Capacity: 100M
 Heap Max Capacity: 512M
 Pre-touch: Disabled
 Parallel Workers: 4
Heap:
 PSYoungGen      total 83456K, used 33075K [0x00000000f5580000, 0x00000000fc000000, 0x0000000100000000)
  eden space 59904K, 17% used [0x00000000f5580000,0x00000000f5f7f2e8,0x00000000f9000000)
  from space 23552K, 96% used [0x00000000fa900000,0x00000000fbf4d9c8,0x00000000fc000000)
  to   space 24576K, 0% used [0x00000000f9000000,0x00000000f9000000,0x00000000fa800000)
 ParOldGen       total 349696K, used 334158K [0x00000000e0000000, 0x00000000f5580000, 0x00000000f5580000)
  object space 349696K, 95% used [0x00000000e0000000,0x00000000f4653a28,0x00000000f5580000)
 Metaspace       used 58788K, committed 59776K, reserved 1105920K
  class space    used 5774K, committed 6208K, reserved 1048576K
GC Heap History (20 events):
Event: 14.773 GC heap before
{Heap before GC invocations=122 (full 7):
 PSYoungGen      total 53248K, used 53236K [0x00000000f5580000, 0x00000000fab00000, 0x0000000100000000)
  eden space 38400K, 100% used [0x00000000f5580000,0x00000000f7b00000,0x00000000f7b00000)
  from space 14848K, 99% used [0x00000000f7b00000,0x00000000f897d230,0x00000000f8980000)
  to   space 23040K, 0% used [0x00000000f9480000,0x00000000f9480000,0x00000000fab00000)
 ParOldGen       total 311808K, used 262753K [0x00000000e0000000, 0x00000000f3080000, 0x00000000f5580000)
  object space 311808K, 84% used [0x00000000e0000000,0x00000000f0098768,0x00000000f3080000)
 Metaspace       used 57434K, committed 58432K, reserved 1105920K
  class space    used 5681K, committed 6080K, reserved 1048576K
}
Event: 14.793 GC heap after
{Heap after GC invocations=122 (full 7):
 PSYoungGen      total 57856K, used 15369K [0x00000000f5580000, 0x00000000fa400000, 0x0000000100000000)
  eden space 41984K, 0% used [0x00000000f5580000,0x00000000f5580000,0x00000000f7e80000)
  from space 15872K, 96% used [0x00000000f9480000,0x00000000fa3826c8,0x00000000fa400000)
  to   space 17920K, 0% used [0x00000000f8100000,0x00000000f8100000,0x00000000f9280000)
 ParOldGen       total 311808K, used 270904K [0x00000000e0000000, 0x00000000f3080000, 0x00000000f5580000)
  object space 311808K, 86% used [0x00000000e0000000,0x00000000f088e178,0x00000000f3080000)
 Metaspace       used 57434K, committed 58432K, reserved 1105920K
  class space    used 5681K, committed 6080K, reserved 1048576K
}
Event: 14.971 GC heap before
{Heap before GC invocations=123 (full 7):
 PSYoungGen      total 57856K, used 57353K [0x00000000f5580000, 0x00000000fa400000, 0x0000000100000000)
  eden space 41984K, 100% used [0x00000000f5580000,0x00000000f7e80000,0x00000000f7e80000)
  from space 15872K, 96% used [0x00000000f9480000,0x00000000fa3826c8,0x00000000fa400000)
  to   space 17920K, 0% used [0x00000000f8100000,0x00000000f8100000,0x00000000f9280000)
 ParOldGen       total 311808K, used 270904K [0x00000000e0000000, 0x00000000f3080000, 0x00000000f5580000)
  object space 311808K, 86% used [0x00000000e0000000,0x00000000f088e178,0x00000000f3080000)
 Metaspace       used 57434K, committed 58432K, reserved 1105920K
  class space    used 5681K, committed 6080K, reserved 1048576K
}
Event: 14.991 GC heap after
{Heap after GC invocations=123 (full 7):
 PSYoungGen      total 62464K, used 17908K [0x00000000f5580000, 0x00000000fb680000, 0x0000000100000000)
  eden space 44544K, 0% used [0x00000000f5580000,0x00000000f5580000,0x00000000f8100000)
  from space 17920K, 99% used [0x00000000f8100000,0x00000000f927d268,0x00000000f9280000)
  to   space 26624K, 0% used [0x00000000f9c80000,0x00000000f9c80000,0x00000000fb680000)
 ParOldGen       total 311808K, used 277574K [0x00000000e0000000, 0x00000000f3080000, 0x00000000f5580000)
  object space 311808K, 89% used [0x00000000e0000000,0x00000000f0f11af0,0x00000000f3080000)
 Metaspace       used 57434K, committed 58432K, reserved 1105920K
  class space    used 5681K, committed 6080K, reserved 1048576K
}
Event: 15.167 GC heap before
{Heap before GC invocations=124 (full 7):
 PSYoungGen      total 62464K, used 62452K [0x00000000f5580000, 0x00000000fb680000, 0x0000000100000000)
  eden space 44544K, 100% used [0x00000000f5580000,0x00000000f8100000,0x00000000f8100000)
  from space 17920K, 99% used [0x00000000f8100000,0x00000000f927d268,0x00000000f9280000)
  to   space 26624K, 0% used [0x00000000f9c80000,0x00000000f9c80000,0x00000000fb680000)
 ParOldGen       total 311808K, used 277574K [0x00000000e0000000, 0x00000000f3080000, 0x00000000f5580000)
  object space 311808K, 89% used [0x00000000e0000000,0x00000000f0f11af0,0x00000000f3080000)
 Metaspace       used 57434K, committed 58432K, reserved 1105920K
  class space    used 5681K, committed 6080K, reserved 1048576K
}
Event: 15.191 GC heap after
{Heap after GC invocations=124 (full 7):
 PSYoungGen      total 65536K, used 16412K [0x00000000f5580000, 0x00000000fad00000, 0x0000000100000000)
  eden space 48640K, 0% used [0x00000000f5580000,0x00000000f5580000,0x00000000f8500000)
  from space 16896K, 97% used [0x00000000f9c80000,0x00000000fac870d0,0x00000000fad00000)
  to   space 19456K, 0% used [0x00000000f8700000,0x00000000f8700000,0x00000000f9a00000)
 ParOldGen       total 311808K, used 289298K [0x00000000e0000000, 0x00000000f3080000, 0x00000000f5580000)
  object space 311808K, 92% used [0x00000000e0000000,0x00000000f1a84a10,0x00000000f3080000)
 Metaspace       used 57434K, committed 58432K, reserved 1105920K
  class space    used 5681K, committed 6080K, reserved 1048576K
}
Event: 15.330 GC heap before
{Heap before GC invocations=125 (full 7):
 PSYoungGen      total 65536K, used 65052K [0x00000000f5580000, 0x00000000fad00000, 0x0000000100000000)
  eden space 48640K, 100% used [0x00000000f5580000,0x00000000f8500000,0x00000000f8500000)
  from space 16896K, 97% used [0x00000000f9c80000,0x00000000fac870d0,0x00000000fad00000)
  to   space 19456K, 0% used [0x00000000f8700000,0x00000000f8700000,0x00000000f9a00000)
 ParOldGen       total 311808K, used 289298K [0x00000000e0000000, 0x00000000f3080000, 0x00000000f5580000)
  object space 311808K, 92% used [0x00000000e0000000,0x00000000f1a84a10,0x00000000f3080000)
 Metaspace       used 57530K, committed 58496K, reserved 1105920K
  class space    used 5685K, committed 6080K, reserved 1048576K
}
Event: 15.352 GC heap after
{Heap after GC invocations=125 (full 7):
 PSYoungGen      total 70144K, used 19447K [0x00000000f5580000, 0x00000000fbd80000, 0x0000000100000000)
  eden space 50688K, 0% used [0x00000000f5580000,0x00000000f5580000,0x00000000f8700000)
  from space 19456K, 99% used [0x00000000f8700000,0x00000000f99fdea0,0x00000000f9a00000)
  to   space 26624K, 0% used [0x00000000fa380000,0x00000000fa380000,0x00000000fbd80000)
 ParOldGen       total 311808K, used 294511K [0x00000000e0000000, 0x00000000f3080000, 0x00000000f5580000)
  object space 311808K, 94% used [0x00000000e0000000,0x00000000f1f9bf98,0x00000000f3080000)
 Metaspace       used 57530K, committed 58496K, reserved 1105920K
  class space    used 5685K, committed 6080K, reserved 1048576K
}
Event: 15.696 GC heap before
{Heap before GC invocations=126 (full 7):
 PSYoungGen      total 70144K, used 70135K [0x00000000f5580000, 0x00000000fbd80000, 0x0000000100000000)
  eden space 50688K, 100% used [0x00000000f5580000,0x00000000f8700000,0x00000000f8700000)
  from space 19456K, 99% used [0x00000000f8700000,0x00000000f99fdea0,0x00000000f9a00000)
  to   space 26624K, 0% used [0x00000000fa380000,0x00000000fa380000,0x00000000fbd80000)
 ParOldGen       total 311808K, used 294511K [0x00000000e0000000, 0x00000000f3080000, 0x00000000f5580000)
  object space 311808K, 94% used [0x00000000e0000000,0x00000000f1f9bf98,0x00000000f3080000)
 Metaspace       used 57610K, committed 58624K, reserved 1105920K
  class space    used 5698K, committed 6144K, reserved 1048576K
}
Event: 15.727 GC heap after
{Heap after GC invocations=126 (full 7):
 PSYoungGen      total 80384K, used 25443K [0x00000000f5580000, 0x00000000fbe80000, 0x0000000100000000)
  eden space 53760K, 0% used [0x00000000f5580000,0x00000000f5580000,0x00000000f8a00000)
  from space 26624K, 95% used [0x00000000fa380000,0x00000000fbc58e80,0x00000000fbd80000)
  to   space 26112K, 0% used [0x00000000f8a00000,0x00000000f8a00000,0x00000000fa380000)
 ParOldGen       total 311808K, used 307226K [0x00000000e0000000, 0x00000000f3080000, 0x00000000f5580000)
  object space 311808K, 98% used [0x00000000e0000000,0x00000000f2c06bc0,0x00000000f3080000)
 Metaspace       used 57610K, committed 58624K, reserved 1105920K
  class space    used 5698K, committed 6144K, reserved 1048576K
}
Event: 15.728 GC heap before
{Heap before GC invocations=127 (full 8):
 PSYoungGen      total 80384K, used 25443K [0x00000000f5580000, 0x00000000fbe80000, 0x0000000100000000)
  eden space 53760K, 0% used [0x00000000f5580000,0x00000000f5580000,0x00000000f8a00000)
  from space 26624K, 95% used [0x00000000fa380000,0x00000000fbc58e80,0x00000000fbd80000)
  to   space 26112K, 0% used [0x00000000f8a00000,0x00000000f8a00000,0x00000000fa380000)
 ParOldGen       total 311808K, used 307226K [0x00000000e0000000, 0x00000000f3080000, 0x00000000f5580000)
  object space 311808K, 98% used [0x00000000e0000000,0x00000000f2c06bc0,0x00000000f3080000)
 Metaspace       used 57610K, committed 58624K, reserved 1105920K
  class space    used 5698K, committed 6144K, reserved 1048576K
}
Event: 16.403 GC heap after
{Heap after GC invocations=127 (full 8):
 PSYoungGen      total 80384K, used 18716K [0x00000000f5580000, 0x00000000fc180000, 0x0000000100000000)
  eden space 53760K, 0% used [0x00000000f5580000,0x00000000f5580000,0x00000000f8a00000)
  from space 26624K, 70% used [0x00000000fa380000,0x00000000fb5c70e0,0x00000000fbd80000)
  to   space 26112K, 0% used [0x00000000f8a00000,0x00000000f8a00000,0x00000000fa380000)
 ParOldGen       total 349696K, used 306711K [0x00000000e0000000, 0x00000000f5580000, 0x00000000f5580000)
  object space 349696K, 87% used [0x00000000e0000000,0x00000000f2b85eb8,0x00000000f5580000)
 Metaspace       used 57610K, committed 58624K, reserved 1105920K
  class space    used 5698K, committed 6144K, reserved 1048576K
}
Event: 16.461 GC heap before
{Heap before GC invocations=128 (full 8):
 PSYoungGen      total 80384K, used 72476K [0x00000000f5580000, 0x00000000fc180000, 0x0000000100000000)
  eden space 53760K, 100% used [0x00000000f5580000,0x00000000f8a00000,0x00000000f8a00000)
  from space 26624K, 70% used [0x00000000fa380000,0x00000000fb5c70e0,0x00000000fbd80000)
  to   space 26112K, 0% used [0x00000000f8a00000,0x00000000f8a00000,0x00000000fa380000)
 ParOldGen       total 349696K, used 306711K [0x00000000e0000000, 0x00000000f5580000, 0x00000000f5580000)
  object space 349696K, 87% used [0x00000000e0000000,0x00000000f2b85eb8,0x00000000f5580000)
 Metaspace       used 57610K, committed 58624K, reserved 1105920K
  class space    used 5698K, committed 6144K, reserved 1048576K
}
Event: 16.511 GC heap after
{Heap after GC invocations=128 (full 8):
 PSYoungGen      total 79872K, used 26106K [0x00000000f5580000, 0x00000000fe100000, 0x0000000100000000)
  eden space 53760K, 0% used [0x00000000f5580000,0x00000000f5580000,0x00000000f8a00000)
  from space 26112K, 99% used [0x00000000f8a00000,0x00000000fa37ea20,0x00000000fa380000)
  to   space 42496K, 0% used [0x00000000fb780000,0x00000000fb780000,0x00000000fe100000)
 ParOldGen       total 349696K, used 320272K [0x00000000e0000000, 0x00000000f5580000, 0x00000000f5580000)
  object space 349696K, 91% used [0x00000000e0000000,0x00000000f38c4090,0x00000000f5580000)
 Metaspace       used 57610K, committed 58624K, reserved 1105920K
  class space    used 5698K, committed 6144K, reserved 1048576K
}
Event: 17.746 GC heap before
{Heap before GC invocations=129 (full 8):
 PSYoungGen      total 79872K, used 79148K [0x00000000f5580000, 0x00000000fe100000, 0x0000000100000000)
  eden space 53760K, 98% used [0x00000000f5580000,0x00000000f894c820,0x00000000f8a00000)
  from space 26112K, 99% used [0x00000000f8a00000,0x00000000fa37ea20,0x00000000fa380000)
  to   space 42496K, 0% used [0x00000000fb780000,0x00000000fb780000,0x00000000fe100000)
 ParOldGen       total 349696K, used 320272K [0x00000000e0000000, 0x00000000f5580000, 0x00000000f5580000)
  object space 349696K, 91% used [0x00000000e0000000,0x00000000f38c4090,0x00000000f5580000)
 Metaspace       used 57755K, committed 58752K, reserved 1105920K
  class space    used 5708K, committed 6144K, reserved 1048576K
}
Event: 17.789 GC heap after
{Heap after GC invocations=129 (full 8):
 PSYoungGen      total 99328K, used 42130K [0x00000000f5580000, 0x00000000fe280000, 0x0000000100000000)
  eden space 56832K, 0% used [0x00000000f5580000,0x00000000f5580000,0x00000000f8d00000)
  from space 42496K, 99% used [0x00000000fb780000,0x00000000fe0a4960,0x00000000fe100000)
  to   space 43520K, 0% used [0x00000000f8d00000,0x00000000f8d00000,0x00000000fb780000)
 ParOldGen       total 349696K, used 334150K [0x00000000e0000000, 0x00000000f5580000, 0x00000000f5580000)
  object space 349696K, 95% used [0x00000000e0000000,0x00000000f4651a28,0x00000000f5580000)
 Metaspace       used 57755K, committed 58752K, reserved 1105920K
  class space    used 5708K, committed 6144K, reserved 1048576K
}
Event: 20.238 GC heap before
{Heap before GC invocations=130 (full 8):
 PSYoungGen      total 99328K, used 98962K [0x00000000f5580000, 0x00000000fe280000, 0x0000000100000000)
  eden space 56832K, 100% used [0x00000000f5580000,0x00000000f8d00000,0x00000000f8d00000)
  from space 42496K, 99% used [0x00000000fb780000,0x00000000fe0a4960,0x00000000fe100000)
  to   space 43520K, 0% used [0x00000000f8d00000,0x00000000f8d00000,0x00000000fb780000)
 ParOldGen       total 349696K, used 334150K [0x00000000e0000000, 0x00000000f5580000, 0x00000000f5580000)
  object space 349696K, 95% used [0x00000000e0000000,0x00000000f4651a28,0x00000000f5580000)
 Metaspace       used 57848K, committed 58816K, reserved 1105920K
  class space    used 5715K, committed 6144K, reserved 1048576K
}
Event: 20.253 GC heap after
{Heap after GC invocations=130 (full 8):
 PSYoungGen      total 71680K, used 14358K [0x00000000f5580000, 0x00000000fc180000, 0x0000000100000000)
  eden space 56832K, 0% used [0x00000000f5580000,0x00000000f5580000,0x00000000f8d00000)
  from space 14848K, 96% used [0x00000000f8d00000,0x00000000f9b058a0,0x00000000f9b80000)
  to   space 25088K, 0% used [0x00000000fa900000,0x00000000fa900000,0x00000000fc180000)
 ParOldGen       total 349696K, used 334150K [0x00000000e0000000, 0x00000000f5580000, 0x00000000f5580000)
  object space 349696K, 95% used [0x00000000e0000000,0x00000000f4651a28,0x00000000f5580000)
 Metaspace       used 57848K, committed 58816K, reserved 1105920K
  class space    used 5715K, committed 6144K, reserved 1048576K
}
Event: 20.799 GC heap before
{Heap before GC invocations=131 (full 8):
 PSYoungGen      total 71680K, used 71190K [0x00000000f5580000, 0x00000000fc180000, 0x0000000100000000)
  eden space 56832K, 100% used [0x00000000f5580000,0x00000000f8d00000,0x00000000f8d00000)
  from space 14848K, 96% used [0x00000000f8d00000,0x00000000f9b058a0,0x00000000f9b80000)
  to   space 25088K, 0% used [0x00000000fa900000,0x00000000fa900000,0x00000000fc180000)
 ParOldGen       total 349696K, used 334150K [0x00000000e0000000, 0x00000000f5580000, 0x00000000f5580000)
  object space 349696K, 95% used [0x00000000e0000000,0x00000000f4651a28,0x00000000f5580000)
 Metaspace       used 58126K, committed 59072K, reserved 1105920K
  class space    used 5730K, committed 6144K, reserved 1048576K
}
Event: 20.822 GC heap after
{Heap after GC invocations=131 (full 8):
 PSYoungGen      total 83456K, used 22838K [0x00000000f5580000, 0x00000000fc000000, 0x0000000100000000)
  eden space 59904K, 0% used [0x00000000f5580000,0x00000000f5580000,0x00000000f9000000)
  from space 23552K, 96% used [0x00000000fa900000,0x00000000fbf4d9c8,0x00000000fc000000)
  to   space 24576K, 0% used [0x00000000f9000000,0x00000000f9000000,0x00000000fa800000)
 ParOldGen       total 349696K, used 334158K [0x00000000e0000000, 0x00000000f5580000, 0x00000000f5580000)
  object space 349696K, 95% used [0x00000000e0000000,0x00000000f4653a28,0x00000000f5580000)
 Metaspace       used 58126K, committed 59072K, reserved 1105920K
  class space    used 5730K, committed 6144K, reserved 1048576K
}

